[INFO] Scanning for projects...
[INFO] 
[INFO] ----------------------< com.re100io:pg-template >-----------------------
[INFO] Building pg-template 1.0-SNAPSHOT
[INFO]   from pom.xml
[INFO] --------------------------------[ jar ]---------------------------------
[INFO] 
[INFO] >>> spring-boot:3.4.1:run (default-cli) > test-compile @ pg-template >>>
[INFO] 
[INFO] --- jacoco:0.8.12:prepare-agent (prepare-agent) @ pg-template ---
[INFO] argLine set to -javaagent:/Users/anxinyu/.m2/repository/org/jacoco/org.jacoco.agent/0.8.12/org.jacoco.agent-0.8.12-runtime.jar=destfile=/Users/anxinyu/Documents/DevRepository/pg-template/target/jacoco.exec,excludes=**/config/**:**/dto/**:**/entity/**:**/MainKt.class:**/exception/BusinessException.class
[INFO] 
[INFO] --- resources:3.3.1:resources (default-resources) @ pg-template ---
[INFO] Copying 11 resources from src/main/resources to target/classes
[INFO] 
[INFO] --- compiler:3.11.0:compile (default-compile) @ pg-template ---
[INFO] Nothing to compile - all classes are up to date
[INFO] 
[INFO] --- kotlin:2.1.0:compile (compile) @ pg-template ---
[INFO] Applied plugin: 'spring'
[INFO] Applied plugin: 'jpa'
[INFO] 
[INFO] --- resources:3.3.1:testResources (default-testResources) @ pg-template ---
[INFO] Copying 2 resources from src/test/resources to target/test-classes
[INFO] 
[INFO] --- compiler:3.11.0:testCompile (default-testCompile) @ pg-template ---
[INFO] Changes detected - recompiling the module! :dependency
[INFO] 
[INFO] --- kotlin:2.1.0:test-compile (test-compile) @ pg-template ---
[INFO] Applied plugin: 'spring'
[INFO] Applied plugin: 'jpa'
[WARNING] /Users/anxinyu/Documents/DevRepository/pg-template/src/test/kotlin/com/re100io/controller/UserControllerTest.kt: (12, 8) 'annotation class MockBean : Any, Annotation' is deprecated. Deprecated in Java.
[WARNING] /Users/anxinyu/Documents/DevRepository/pg-template/src/test/kotlin/com/re100io/controller/UserControllerTest.kt: (33, 6) 'annotation class MockBean : Any, Annotation' is deprecated. Deprecated in Java.
[WARNING] /Users/anxinyu/Documents/DevRepository/pg-template/src/test/kotlin/com/re100io/service/UserServiceSimpleTest.kt: (107, 39) Condition is always 'true'.
[INFO] 
[INFO] <<< spring-boot:3.4.1:run (default-cli) < test-compile @ pg-template <<<
[INFO] 
[INFO] 
[INFO] --- spring-boot:3.4.1:run (default-cli) @ pg-template ---
[WARNING] Error injecting: org.springframework.boot.maven.RunMojo
java.lang.TypeNotPresentException: Type org.springframework.boot.maven.RunMojo not present
    at org.eclipse.sisu.space.URLClassSpace.loadClass (URLClassSpace.java:147)
    at org.eclipse.sisu.space.NamedClass.load (NamedClass.java:46)
    at org.eclipse.sisu.space.AbstractDeferredClass.get (AbstractDeferredClass.java:48)
    at com.google.inject.internal.ProviderInternalFactory.provision (ProviderInternalFactory.java:86)
    at com.google.inject.internal.InternalFactoryToInitializableAdapter.provision (InternalFactoryToInitializableAdapter.java:57)
    at com.google.inject.internal.ProviderInternalFactory$1.call (ProviderInternalFactory.java:67)
    at com.google.inject.internal.ProvisionListenerStackCallback$Provision.provision (ProvisionListenerStackCallback.java:109)
    at com.google.inject.internal.ProvisionListenerStackCallback$Provision.provision (ProvisionListenerStackCallback.java:124)
    at com.google.inject.internal.ProvisionListenerStackCallback.provision (ProvisionListenerStackCallback.java:66)
    at com.google.inject.internal.ProviderInternalFactory.circularGet (ProviderInternalFactory.java:62)
    at com.google.inject.internal.InternalFactoryToInitializableAdapter.get (InternalFactoryToInitializableAdapter.java:47)
    at com.google.inject.internal.InjectorImpl$1.get (InjectorImpl.java:1101)
    at org.eclipse.sisu.inject.Guice4$1.get (Guice4.java:162)
    at org.eclipse.sisu.inject.LazyBeanEntry.getValue (LazyBeanEntry.java:81)
    at org.eclipse.sisu.plexus.LazyPlexusBean.getValue (LazyPlexusBean.java:51)
    at org.codehaus.plexus.DefaultPlexusContainer.lookup (DefaultPlexusContainer.java:263)
    at org.codehaus.plexus.DefaultPlexusContainer.lookup (DefaultPlexusContainer.java:255)
    at org.apache.maven.plugin.internal.DefaultMavenPluginManager.getConfiguredMojo (DefaultMavenPluginManager.java:491)
    at org.apache.maven.plugin.DefaultBuildPluginManager.executeMojo (DefaultBuildPluginManager.java:114)
    at org.apache.maven.lifecycle.internal.MojoExecutor.doExecute2 (MojoExecutor.java:328)
    at org.apache.maven.lifecycle.internal.MojoExecutor.doExecute (MojoExecutor.java:316)
    at org.apache.maven.lifecycle.internal.MojoExecutor.execute (MojoExecutor.java:212)
    at org.apache.maven.lifecycle.internal.MojoExecutor.execute (MojoExecutor.java:174)
    at org.apache.maven.lifecycle.internal.MojoExecutor.access$000 (MojoExecutor.java:75)
    at org.apache.maven.lifecycle.internal.MojoExecutor$1.run (MojoExecutor.java:162)
    at org.apache.maven.plugin.DefaultMojosExecutionStrategy.execute (DefaultMojosExecutionStrategy.java:39)
    at org.apache.maven.lifecycle.internal.MojoExecutor.execute (MojoExecutor.java:159)
    at org.apache.maven.lifecycle.internal.LifecycleModuleBuilder.buildProject (LifecycleModuleBuilder.java:105)
    at org.apache.maven.lifecycle.internal.LifecycleModuleBuilder.buildProject (LifecycleModuleBuilder.java:73)
    at org.apache.maven.lifecycle.internal.builder.singlethreaded.SingleThreadedBuilder.build (SingleThreadedBuilder.java:53)
    at org.apache.maven.lifecycle.internal.LifecycleStarter.execute (LifecycleStarter.java:118)
    at org.apache.maven.DefaultMaven.doExecute (DefaultMaven.java:261)
    at org.apache.maven.DefaultMaven.doExecute (DefaultMaven.java:173)
    at org.apache.maven.DefaultMaven.execute (DefaultMaven.java:101)
    at org.apache.maven.cli.MavenCli.execute (MavenCli.java:906)
    at org.apache.maven.cli.MavenCli.doMain (MavenCli.java:283)
    at org.apache.maven.cli.MavenCli.main (MavenCli.java:206)
    at sun.reflect.NativeMethodAccessorImpl.invoke0 (Native Method)
    at sun.reflect.NativeMethodAccessorImpl.invoke (NativeMethodAccessorImpl.java:62)
    at sun.reflect.DelegatingMethodAccessorImpl.invoke (DelegatingMethodAccessorImpl.java:43)
    at java.lang.reflect.Method.invoke (Method.java:498)
    at org.codehaus.plexus.classworlds.launcher.Launcher.launchEnhanced (Launcher.java:283)
    at org.codehaus.plexus.classworlds.launcher.Launcher.launch (Launcher.java:226)
    at org.codehaus.plexus.classworlds.launcher.Launcher.mainWithExitCode (Launcher.java:407)
    at org.codehaus.plexus.classworlds.launcher.Launcher.main (Launcher.java:348)
Caused by: java.lang.UnsupportedClassVersionError: org/springframework/boot/maven/RunMojo has been compiled by a more recent version of the Java Runtime (class file version 61.0), this version of the Java Runtime only recognizes class file versions up to 52.0
    at java.lang.ClassLoader.defineClass1 (Native Method)
    at java.lang.ClassLoader.defineClass (ClassLoader.java:756)
    at java.security.SecureClassLoader.defineClass (SecureClassLoader.java:142)
    at java.net.URLClassLoader.defineClass (URLClassLoader.java:473)
    at java.net.URLClassLoader.access$100 (URLClassLoader.java:74)
    at java.net.URLClassLoader$1.run (URLClassLoader.java:369)
    at java.net.URLClassLoader$1.run (URLClassLoader.java:363)
    at java.security.AccessController.doPrivileged (Native Method)
    at java.net.URLClassLoader.findClass (URLClassLoader.java:362)
    at org.codehaus.plexus.classworlds.realm.ClassRealm.findClassInternal (ClassRealm.java:313)
    at org.codehaus.plexus.classworlds.realm.ClassRealm.loadClassFromSelf (ClassRealm.java:432)
    at org.codehaus.plexus.classworlds.strategy.SelfFirstStrategy.loadClass (SelfFirstStrategy.java:42)
    at org.codehaus.plexus.classworlds.realm.ClassRealm.unsynchronizedLoadClass (ClassRealm.java:271)
    at org.codehaus.plexus.classworlds.realm.ClassRealm.loadClass (ClassRealm.java:247)
    at org.codehaus.plexus.classworlds.realm.ClassRealm.loadClass (ClassRealm.java:239)
    at org.eclipse.sisu.space.URLClassSpace.loadClass (URLClassSpace.java:139)
    at org.eclipse.sisu.space.NamedClass.load (NamedClass.java:46)
    at org.eclipse.sisu.space.AbstractDeferredClass.get (AbstractDeferredClass.java:48)
    at com.google.inject.internal.ProviderInternalFactory.provision (ProviderInternalFactory.java:86)
    at com.google.inject.internal.InternalFactoryToInitializableAdapter.provision (InternalFactoryToInitializableAdapter.java:57)
    at com.google.inject.internal.ProviderInternalFactory$1.call (ProviderInternalFactory.java:67)
    at com.google.inject.internal.ProvisionListenerStackCallback$Provision.provision (ProvisionListenerStackCallback.java:109)
    at com.google.inject.internal.ProvisionListenerStackCallback$Provision.provision (ProvisionListenerStackCallback.java:124)
    at com.google.inject.internal.ProvisionListenerStackCallback.provision (ProvisionListenerStackCallback.java:66)
    at com.google.inject.internal.ProviderInternalFactory.circularGet (ProviderInternalFactory.java:62)
    at com.google.inject.internal.InternalFactoryToInitializableAdapter.get (InternalFactoryToInitializableAdapter.java:47)
    at com.google.inject.internal.InjectorImpl$1.get (InjectorImpl.java:1101)
    at org.eclipse.sisu.inject.Guice4$1.get (Guice4.java:162)
    at org.eclipse.sisu.inject.LazyBeanEntry.getValue (LazyBeanEntry.java:81)
    at org.eclipse.sisu.plexus.LazyPlexusBean.getValue (LazyPlexusBean.java:51)
    at org.codehaus.plexus.DefaultPlexusContainer.lookup (DefaultPlexusContainer.java:263)
    at org.codehaus.plexus.DefaultPlexusContainer.lookup (DefaultPlexusContainer.java:255)
    at org.apache.maven.plugin.internal.DefaultMavenPluginManager.getConfiguredMojo (DefaultMavenPluginManager.java:491)
    at org.apache.maven.plugin.DefaultBuildPluginManager.executeMojo (DefaultBuildPluginManager.java:114)
    at org.apache.maven.lifecycle.internal.MojoExecutor.doExecute2 (MojoExecutor.java:328)
    at org.apache.maven.lifecycle.internal.MojoExecutor.doExecute (MojoExecutor.java:316)
    at org.apache.maven.lifecycle.internal.MojoExecutor.execute (MojoExecutor.java:212)
    at org.apache.maven.lifecycle.internal.MojoExecutor.execute (MojoExecutor.java:174)
    at org.apache.maven.lifecycle.internal.MojoExecutor.access$000 (MojoExecutor.java:75)
    at org.apache.maven.lifecycle.internal.MojoExecutor$1.run (MojoExecutor.java:162)
    at org.apache.maven.plugin.DefaultMojosExecutionStrategy.execute (DefaultMojosExecutionStrategy.java:39)
    at org.apache.maven.lifecycle.internal.MojoExecutor.execute (MojoExecutor.java:159)
    at org.apache.maven.lifecycle.internal.LifecycleModuleBuilder.buildProject (LifecycleModuleBuilder.java:105)
    at org.apache.maven.lifecycle.internal.LifecycleModuleBuilder.buildProject (LifecycleModuleBuilder.java:73)
    at org.apache.maven.lifecycle.internal.builder.singlethreaded.SingleThreadedBuilder.build (SingleThreadedBuilder.java:53)
    at org.apache.maven.lifecycle.internal.LifecycleStarter.execute (LifecycleStarter.java:118)
    at org.apache.maven.DefaultMaven.doExecute (DefaultMaven.java:261)
    at org.apache.maven.DefaultMaven.doExecute (DefaultMaven.java:173)
    at org.apache.maven.DefaultMaven.execute (DefaultMaven.java:101)
    at org.apache.maven.cli.MavenCli.execute (MavenCli.java:906)
    at org.apache.maven.cli.MavenCli.doMain (MavenCli.java:283)
    at org.apache.maven.cli.MavenCli.main (MavenCli.java:206)
    at sun.reflect.NativeMethodAccessorImpl.invoke0 (Native Method)
    at sun.reflect.NativeMethodAccessorImpl.invoke (NativeMethodAccessorImpl.java:62)
    at sun.reflect.DelegatingMethodAccessorImpl.invoke (DelegatingMethodAccessorImpl.java:43)
    at java.lang.reflect.Method.invoke (Method.java:498)
    at org.codehaus.plexus.classworlds.launcher.Launcher.launchEnhanced (Launcher.java:283)
    at org.codehaus.plexus.classworlds.launcher.Launcher.launch (Launcher.java:226)
    at org.codehaus.plexus.classworlds.launcher.Launcher.mainWithExitCode (Launcher.java:407)
    at org.codehaus.plexus.classworlds.launcher.Launcher.main (Launcher.java:348)
[INFO] ------------------------------------------------------------------------
[INFO] BUILD FAILURE
[INFO] ------------------------------------------------------------------------
[INFO] Total time:  8.394 s
[INFO] Finished at: 2025-08-23T18:36:05+08:00
[INFO] ------------------------------------------------------------------------
[ERROR] Failed to execute goal org.springframework.boot:spring-boot-maven-plugin:3.4.1:run (default-cli) on project pg-template: Execution default-cli of goal org.springframework.boot:spring-boot-maven-plugin:3.4.1:run failed: Unable to load the mojo 'run' in the plugin 'org.springframework.boot:spring-boot-maven-plugin:3.4.1' due to an API incompatibility: org.codehaus.plexus.component.repository.exception.ComponentLookupException: org/springframework/boot/maven/RunMojo has been compiled by a more recent version of the Java Runtime (class file version 61.0), this version of the Java Runtime only recognizes class file versions up to 52.0
[ERROR] -----------------------------------------------------
[ERROR] realm =    plugin>org.springframework.boot:spring-boot-maven-plugin:3.4.1
[ERROR] strategy = org.codehaus.plexus.classworlds.strategy.SelfFirstStrategy
[ERROR] urls[0] = file:/Users/anxinyu/.m2/repository/org/springframework/boot/spring-boot-maven-plugin/3.4.1/spring-boot-maven-plugin-3.4.1.jar
[ERROR] urls[1] = file:/Users/anxinyu/.m2/repository/org/springframework/boot/spring-boot-buildpack-platform/3.4.1/spring-boot-buildpack-platform-3.4.1.jar
[ERROR] urls[2] = file:/Users/anxinyu/.m2/repository/com/fasterxml/jackson/core/jackson-databind/2.18.2/jackson-databind-2.18.2.jar
[ERROR] urls[3] = file:/Users/anxinyu/.m2/repository/com/fasterxml/jackson/core/jackson-annotations/2.18.2/jackson-annotations-2.18.2.jar
[ERROR] urls[4] = file:/Users/anxinyu/.m2/repository/com/fasterxml/jackson/core/jackson-core/2.18.2/jackson-core-2.18.2.jar
[ERROR] urls[5] = file:/Users/anxinyu/.m2/repository/com/fasterxml/jackson/module/jackson-module-parameter-names/2.18.2/jackson-module-parameter-names-2.18.2.jar
[ERROR] urls[6] = file:/Users/anxinyu/.m2/repository/net/java/dev/jna/jna-platform/5.13.0/jna-platform-5.13.0.jar
[ERROR] urls[7] = file:/Users/anxinyu/.m2/repository/net/java/dev/jna/jna/5.13.0/jna-5.13.0.jar
[ERROR] urls[8] = file:/Users/anxinyu/.m2/repository/org/apache/commons/commons-compress/1.25.0/commons-compress-1.25.0.jar
[ERROR] urls[9] = file:/Users/anxinyu/.m2/repository/org/apache/httpcomponents/client5/httpclient5/5.4.1/httpclient5-5.4.1.jar
[ERROR] urls[10] = file:/Users/anxinyu/.m2/repository/org/apache/httpcomponents/core5/httpcore5/5.3.1/httpcore5-5.3.1.jar
[ERROR] urls[11] = file:/Users/anxinyu/.m2/repository/org/apache/httpcomponents/core5/httpcore5-h2/5.3.1/httpcore5-h2-5.3.1.jar
[ERROR] urls[12] = file:/Users/anxinyu/.m2/repository/org/tomlj/tomlj/1.0.0/tomlj-1.0.0.jar
[ERROR] urls[13] = file:/Users/anxinyu/.m2/repository/org/antlr/antlr4-runtime/4.7.2/antlr4-runtime-4.7.2.jar
[ERROR] urls[14] = file:/Users/anxinyu/.m2/repository/com/google/code/findbugs/jsr305/3.0.2/jsr305-3.0.2.jar
[ERROR] urls[15] = file:/Users/anxinyu/.m2/repository/org/springframework/boot/spring-boot-loader-tools/3.4.1/spring-boot-loader-tools-3.4.1.jar
[ERROR] urls[16] = file:/Users/anxinyu/.m2/repository/org/apache/maven/shared/maven-common-artifact-filters/3.3.2/maven-common-artifact-filters-3.3.2.jar
[ERROR] urls[17] = file:/Users/anxinyu/.m2/repository/org/sonatype/plexus/plexus-build-api/0.0.7/plexus-build-api-0.0.7.jar
[ERROR] urls[18] = file:/Users/anxinyu/.m2/repository/org/springframework/spring-core/6.2.1/spring-core-6.2.1.jar
[ERROR] urls[19] = file:/Users/anxinyu/.m2/repository/org/springframework/spring-jcl/6.2.1/spring-jcl-6.2.1.jar
[ERROR] urls[20] = file:/Users/anxinyu/.m2/repository/org/springframework/spring-context/6.2.1/spring-context-6.2.1.jar
[ERROR] urls[21] = file:/Users/anxinyu/.m2/repository/org/springframework/spring-aop/6.2.1/spring-aop-6.2.1.jar
[ERROR] urls[22] = file:/Users/anxinyu/.m2/repository/org/springframework/spring-beans/6.2.1/spring-beans-6.2.1.jar
[ERROR] urls[23] = file:/Users/anxinyu/.m2/repository/org/springframework/spring-expression/6.2.1/spring-expression-6.2.1.jar
[ERROR] urls[24] = file:/Users/anxinyu/.m2/repository/io/micrometer/micrometer-observation/1.14.2/micrometer-observation-1.14.2.jar
[ERROR] urls[25] = file:/Users/anxinyu/.m2/repository/io/micrometer/micrometer-commons/1.14.2/micrometer-commons-1.14.2.jar
[ERROR] urls[26] = file:/Users/anxinyu/.m2/repository/org/apache/maven/plugins/maven-shade-plugin/3.5.0/maven-shade-plugin-3.5.0.jar
[ERROR] urls[27] = file:/Users/anxinyu/.m2/repository/org/codehaus/plexus/plexus-utils/3.5.1/plexus-utils-3.5.1.jar
[ERROR] urls[28] = file:/Users/anxinyu/.m2/repository/org/ow2/asm/asm/9.5/asm-9.5.jar
[ERROR] urls[29] = file:/Users/anxinyu/.m2/repository/org/ow2/asm/asm-commons/9.5/asm-commons-9.5.jar
[ERROR] urls[30] = file:/Users/anxinyu/.m2/repository/org/ow2/asm/asm-tree/9.5/asm-tree-9.5.jar
[ERROR] urls[31] = file:/Users/anxinyu/.m2/repository/org/jdom/jdom2/2.0.6.1/jdom2-2.0.6.1.jar
[ERROR] urls[32] = file:/Users/anxinyu/.m2/repository/org/apache/maven/shared/maven-dependency-tree/3.2.1/maven-dependency-tree-3.2.1.jar
[ERROR] urls[33] = file:/Users/anxinyu/.m2/repository/commons-io/commons-io/2.13.0/commons-io-2.13.0.jar
[ERROR] urls[34] = file:/Users/anxinyu/.m2/repository/org/vafer/jdependency/2.8.0/jdependency-2.8.0.jar
[ERROR] urls[35] = file:/Users/anxinyu/.m2/repository/org/apache/commons/commons-collections4/4.4/commons-collections4-4.4.jar
[ERROR] Number of foreign imports: 1
[ERROR] import: Entry[import  from realm ClassRealm[maven.api, parent: null]]
[ERROR] 
[ERROR] -----------------------------------------------------
[ERROR] 
[ERROR] -> [Help 1]
[ERROR] 
[ERROR] To see the full stack trace of the errors, re-run Maven with the -e switch.
[ERROR] Re-run Maven using the -X switch to enable full debug logging.
[ERROR] 
[ERROR] For more information about the errors and possible solutions, please read the following articles:
[ERROR] [Help 1] http://cwiki.apache.org/confluence/display/MAVEN/PluginContainerException
