[INFO] Scanning for projects...
[INFO] 
[INFO] ----------------------< com.re100io:pg-template >-----------------------
[INFO] Building pg-template 1.0-SNAPSHOT
[INFO]   from pom.xml
[INFO] --------------------------------[ jar ]---------------------------------
[INFO] 
[INFO] >>> spring-boot:3.4.1:run (default-cli) > test-compile @ pg-template >>>
[INFO] 
[INFO] --- resources:3.3.1:resources (default-resources) @ pg-template ---
[INFO] Copying 4 resources from src/main/resources to target/classes
[INFO] 
[INFO] --- compiler:3.11.0:compile (default-compile) @ pg-template ---
[INFO] Nothing to compile - all classes are up to date
[INFO] 
[INFO] --- kotlin:2.1.0:compile (compile) @ pg-template ---
[INFO] Applied plugin: 'spring'
[INFO] Applied plugin: 'jpa'
[INFO] 
[INFO] --- resources:3.3.1:testResources (default-testResources) @ pg-template ---
[INFO] Copying 0 resource from src/test/resources to target/test-classes
[INFO] 
[INFO] --- compiler:3.11.0:testCompile (default-testCompile) @ pg-template ---
[INFO] Changes detected - recompiling the module! :dependency
[INFO] 
[INFO] --- kotlin:2.1.0:test-compile (test-compile) @ pg-template ---
[INFO] Applied plugin: 'spring'
[INFO] Applied plugin: 'jpa'
[INFO] 
[INFO] <<< spring-boot:3.4.1:run (default-cli) < test-compile @ pg-template <<<
[INFO] 
[INFO] 
[INFO] --- spring-boot:3.4.1:run (default-cli) @ pg-template ---
[INFO] Attaching agents: []

  .   ____          _            __ _ _
 /\\ / ___'_ __ _ _(_)_ __  __ _ \ \ \ \
( ( )\___ | '_ | '_| | '_ \/ _` | \ \ \ \
 \\/  ___)| |_)| | | | | || (_| |  ) ) ) )
  '  |____| .__|_| |_|_| |_\__, | / / / /
 =========|_|==============|___/=/_/_/_/

 :: Spring Boot ::                (v3.4.1)

2025-08-22T21:23:37.584+08:00  INFO 12410 --- [           main] com.re100io.MainKt                       : Starting MainKt using Java 21.0.6 with PID 12410 (/Users/anxinyu/Documents/DevRepository/pg-template/target/classes started by anxinyu in /Users/anxinyu/Documents/DevRepository/pg-template)
2025-08-22T21:23:37.585+08:00 DEBUG 12410 --- [           main] com.re100io.MainKt                       : Running with Spring Boot v3.4.1, Spring v6.2.1
2025-08-22T21:23:37.585+08:00  INFO 12410 --- [           main] com.re100io.MainKt                       : The following 1 profile is active: "dev"
2025-08-22T21:23:37.809+08:00  INFO 12410 --- [           main] .s.d.r.c.RepositoryConfigurationDelegate : Bootstrapping Spring Data JPA repositories in DEFAULT mode.
2025-08-22T21:23:37.827+08:00  INFO 12410 --- [           main] .s.d.r.c.RepositoryConfigurationDelegate : Finished Spring Data repository scanning in 13 ms. Found 1 JPA repository interface.
2025-08-22T21:23:38.222+08:00  INFO 12410 --- [           main] o.s.b.w.embedded.tomcat.TomcatWebServer  : Tomcat initialized with port 8080 (http)
2025-08-22T21:23:38.229+08:00  INFO 12410 --- [           main] o.apache.catalina.core.StandardService   : Starting service [Tomcat]
2025-08-22T21:23:38.229+08:00  INFO 12410 --- [           main] o.apache.catalina.core.StandardEngine    : Starting Servlet engine: [Apache Tomcat/10.1.34]
2025-08-22T21:23:38.252+08:00  INFO 12410 --- [           main] o.a.c.c.C.[Tomcat].[localhost].[/api]    : Initializing Spring embedded WebApplicationContext
2025-08-22T21:23:38.253+08:00  INFO 12410 --- [           main] w.s.c.ServletWebServerApplicationContext : Root WebApplicationContext: initialization completed in 648 ms
2025-08-22T21:23:38.330+08:00 DEBUG 12410 --- [           main] o.s.w.f.ServerHttpObservationFilter      : Filter 'webMvcObservationFilter' configured for use
2025-08-22T21:23:38.382+08:00  INFO 12410 --- [           main] o.hibernate.jpa.internal.util.LogHelper  : HHH000204: Processing PersistenceUnitInfo [name: default]
2025-08-22T21:23:38.402+08:00  INFO 12410 --- [           main] org.hibernate.Version                    : HHH000412: Hibernate ORM core version 6.6.4.Final
2025-08-22T21:23:38.414+08:00  INFO 12410 --- [           main] o.h.c.internal.RegionFactoryInitiator    : HHH000026: Second-level cache disabled
2025-08-22T21:23:38.522+08:00  INFO 12410 --- [           main] o.s.o.j.p.SpringPersistenceUnitInfo      : No LoadTimeWeaver setup: ignoring JPA class transformer
2025-08-22T21:23:38.534+08:00  INFO 12410 --- [           main] com.zaxxer.hikari.HikariDataSource       : HikariPool-1 - Starting...
2025-08-22T21:23:38.589+08:00  INFO 12410 --- [           main] com.zaxxer.hikari.pool.HikariPool        : HikariPool-1 - Added connection org.postgresql.jdbc.PgConnection@4b61e97
2025-08-22T21:23:38.590+08:00  INFO 12410 --- [           main] com.zaxxer.hikari.HikariDataSource       : HikariPool-1 - Start completed.
2025-08-22T21:23:38.603+08:00  WARN 12410 --- [           main] org.hibernate.orm.deprecation            : HHH90000025: PostgreSQLDialect does not need to be specified explicitly using 'hibernate.dialect' (remove the property setting and it will be selected by default)
2025-08-22T21:23:38.610+08:00  INFO 12410 --- [           main] org.hibernate.orm.connections.pooling    : HHH10001005: Database info:
	Database JDBC URL [Connecting through datasource 'HikariDataSource (HikariPool-1)']
	Database driver: undefined/unknown
	Database version: 16.9
	Autocommit mode: undefined/unknown
	Isolation level: undefined/unknown
	Minimum pool size: undefined/unknown
	Maximum pool size: undefined/unknown
2025-08-22T21:23:38.912+08:00  INFO 12410 --- [           main] o.h.e.t.j.p.i.JtaPlatformInitiator       : HHH000489: No JTA platform available (set 'hibernate.transaction.jta.platform' to enable JTA platform integration)
2025-08-22T21:23:38.918+08:00 DEBUG 12410 --- [           main] org.hibernate.SQL                        : 
    set client_min_messages = WARNING
Hibernate: 
    set client_min_messages = WARNING
2025-08-22T21:23:38.919+08:00 DEBUG 12410 --- [           main] org.hibernate.SQL                        : 
    drop table if exists users cascade
Hibernate: 
    drop table if exists users cascade
2025-08-22T21:23:38.922+08:00 DEBUG 12410 --- [           main] org.hibernate.SQL                        : 
    create table users (
        is_active boolean,
        created_at timestamp(6),
        id bigint generated by default as identity,
        updated_at timestamp(6),
        email varchar(255) not null unique,
        full_name varchar(255),
        password varchar(255) not null,
        username varchar(255) not null unique,
        primary key (id)
    )
Hibernate: 
    create table users (
        is_active boolean,
        created_at timestamp(6),
        id bigint generated by default as identity,
        updated_at timestamp(6),
        email varchar(255) not null unique,
        full_name varchar(255),
        password varchar(255) not null,
        username varchar(255) not null unique,
        primary key (id)
    )
2025-08-22T21:23:38.938+08:00  INFO 12410 --- [           main] j.LocalContainerEntityManagerFactoryBean : Initialized JPA EntityManagerFactory for persistence unit 'default'
2025-08-22T21:23:39.179+08:00  INFO 12410 --- [           main] o.s.d.j.r.query.QueryEnhancerFactory     : Hibernate is in classpath; If applicable, HQL parser will be used.
2025-08-22T21:23:39.510+08:00 DEBUG 12410 --- [           main] s.w.s.m.m.a.RequestMappingHandlerMapping : 8 mappings in 'requestMappingHandlerMapping'
2025-08-22T21:23:39.572+08:00 DEBUG 12410 --- [           main] o.s.w.s.handler.SimpleUrlHandlerMapping  : Patterns [/webjars/**, /**] in 'resourceHandlerMapping'
2025-08-22T21:23:39.591+08:00 DEBUG 12410 --- [           main] s.w.s.m.m.a.RequestMappingHandlerAdapter : ControllerAdvice beans: 0 @ModelAttribute, 0 @InitBinder, 1 RequestBodyAdvice, 1 ResponseBodyAdvice
2025-08-22T21:23:39.616+08:00 DEBUG 12410 --- [           main] .m.m.a.ExceptionHandlerExceptionResolver : ControllerAdvice beans: 1 @ExceptionHandler, 1 ResponseBodyAdvice
2025-08-22T21:23:39.744+08:00  INFO 12410 --- [           main] o.s.b.a.e.web.EndpointLinksResolver      : Exposing 3 endpoints beneath base path '/actuator'
2025-08-22T21:23:39.784+08:00  INFO 12410 --- [           main] o.s.b.w.embedded.tomcat.TomcatWebServer  : Tomcat started on port 8080 (http) with context path '/api'
2025-08-22T21:23:39.791+08:00  INFO 12410 --- [           main] com.re100io.MainKt                       : Started MainKt in 2.345 seconds (process running for 2.466)
2025-08-22T21:24:15.621+08:00  INFO 12410 --- [nio-8080-exec-1] o.a.c.c.C.[Tomcat].[localhost].[/api]    : Initializing Spring DispatcherServlet 'dispatcherServlet'
2025-08-22T21:24:15.621+08:00  INFO 12410 --- [nio-8080-exec-1] o.s.web.servlet.DispatcherServlet        : Initializing Servlet 'dispatcherServlet'
2025-08-22T21:24:15.621+08:00 DEBUG 12410 --- [nio-8080-exec-1] o.s.web.servlet.DispatcherServlet        : Detected StandardServletMultipartResolver
2025-08-22T21:24:15.621+08:00 DEBUG 12410 --- [nio-8080-exec-1] o.s.web.servlet.DispatcherServlet        : Detected AcceptHeaderLocaleResolver
2025-08-22T21:24:15.621+08:00 DEBUG 12410 --- [nio-8080-exec-1] o.s.web.servlet.DispatcherServlet        : Detected FixedThemeResolver
2025-08-22T21:24:15.622+08:00 DEBUG 12410 --- [nio-8080-exec-1] o.s.web.servlet.DispatcherServlet        : Detected org.springframework.web.servlet.view.DefaultRequestToViewNameTranslator@32fccfc2
2025-08-22T21:24:15.622+08:00 DEBUG 12410 --- [nio-8080-exec-1] o.s.web.servlet.DispatcherServlet        : Detected org.springframework.web.servlet.support.SessionFlashMapManager@7bfc7533
2025-08-22T21:24:15.622+08:00 DEBUG 12410 --- [nio-8080-exec-1] o.s.web.servlet.DispatcherServlet        : enableLoggingRequestDetails='false': request parameters and headers will be masked to prevent unsafe logging of potentially sensitive data
2025-08-22T21:24:15.622+08:00  INFO 12410 --- [nio-8080-exec-1] o.s.web.servlet.DispatcherServlet        : Completed initialization in 1 ms
2025-08-22T21:24:15.630+08:00 DEBUG 12410 --- [nio-8080-exec-1] o.s.web.servlet.DispatcherServlet        : POST "/api/users", parameters={}
2025-08-22T21:24:15.632+08:00 DEBUG 12410 --- [nio-8080-exec-1] s.w.s.m.m.a.RequestMappingHandlerMapping : Mapped to com.re100io.controller.UserController#createUser(CreateUserRequest)
2025-08-22T21:24:15.682+08:00 DEBUG 12410 --- [nio-8080-exec-1] m.m.a.RequestResponseBodyMethodProcessor : Read "application/json;charset=UTF-8" to [CreateUserRequest(username=testuser, password=password123, email=test@example.com, fullName=null)]
2025-08-22T21:24:15.738+08:00 DEBUG 12410 --- [nio-8080-exec-1] org.hibernate.SQL                        : 
    /* <criteria> */ select
        u1_0.id 
    from
        users u1_0 
    where
        u1_0.username=? 
    fetch
        first ? rows only
Hibernate: 
    /* <criteria> */ select
        u1_0.id 
    from
        users u1_0 
    where
        u1_0.username=? 
    fetch
        first ? rows only
2025-08-22T21:24:15.755+08:00 DEBUG 12410 --- [nio-8080-exec-1] org.hibernate.SQL                        : 
    /* <criteria> */ select
        u1_0.id 
    from
        users u1_0 
    where
        u1_0.email=? 
    fetch
        first ? rows only
Hibernate: 
    /* <criteria> */ select
        u1_0.id 
    from
        users u1_0 
    where
        u1_0.email=? 
    fetch
        first ? rows only
2025-08-22T21:24:15.767+08:00 DEBUG 12410 --- [nio-8080-exec-1] org.hibernate.SQL                        : 
    /* insert for
        com.re100io.entity.User */insert 
    into
        users (created_at, email, full_name, is_active, password, updated_at, username) 
    values
        (?, ?, ?, ?, ?, ?, ?)
Hibernate: 
    /* insert for
        com.re100io.entity.User */insert 
    into
        users (created_at, email, full_name, is_active, password, updated_at, username) 
    values
        (?, ?, ?, ?, ?, ?, ?)
2025-08-22T21:24:15.791+08:00 DEBUG 12410 --- [nio-8080-exec-1] o.s.w.s.m.m.a.HttpEntityMethodProcessor  : Using 'application/json', given [*/*] and supported [application/json, application/*+json]
2025-08-22T21:24:15.793+08:00 DEBUG 12410 --- [nio-8080-exec-1] o.s.w.s.m.m.a.HttpEntityMethodProcessor  : Writing [ApiResponse(success=true, message=用户创建成功, data=UserResponse(id=1, username=testuser, email=test@exam (truncated)...]
2025-08-22T21:24:15.802+08:00 DEBUG 12410 --- [nio-8080-exec-1] o.s.web.servlet.DispatcherServlet        : Completed 201 CREATED
2025-08-22T21:24:38.241+08:00 DEBUG 12410 --- [nio-8080-exec-3] o.s.web.servlet.DispatcherServlet        : GET "/api/users", parameters={}
2025-08-22T21:24:38.241+08:00 DEBUG 12410 --- [nio-8080-exec-3] s.w.s.m.m.a.RequestMappingHandlerMapping : Mapped to com.re100io.controller.UserController#getAllUsers(boolean)
2025-08-22T21:24:38.247+08:00 DEBUG 12410 --- [nio-8080-exec-3] org.hibernate.SQL                        : 
    /* <criteria> */ select
        u1_0.id,
        u1_0.created_at,
        u1_0.email,
        u1_0.full_name,
        u1_0.is_active,
        u1_0.password,
        u1_0.updated_at,
        u1_0.username 
    from
        users u1_0
Hibernate: 
    /* <criteria> */ select
        u1_0.id,
        u1_0.created_at,
        u1_0.email,
        u1_0.full_name,
        u1_0.is_active,
        u1_0.password,
        u1_0.updated_at,
        u1_0.username 
    from
        users u1_0
2025-08-22T21:24:38.254+08:00 DEBUG 12410 --- [nio-8080-exec-3] o.s.w.s.m.m.a.HttpEntityMethodProcessor  : Using 'application/json', given [*/*] and supported [application/json, application/*+json]
2025-08-22T21:24:38.254+08:00 DEBUG 12410 --- [nio-8080-exec-3] o.s.w.s.m.m.a.HttpEntityMethodProcessor  : Writing [ApiResponse(success=true, message=获取用户列表成功, data=[UserResponse(id=1, username=testuser, email=test@e (truncated)...]
2025-08-22T21:24:38.255+08:00 DEBUG 12410 --- [nio-8080-exec-3] o.s.web.servlet.DispatcherServlet        : Completed 200 OK
2025-08-22T21:24:51.311+08:00 DEBUG 12410 --- [nio-8080-exec-5] o.s.web.servlet.DispatcherServlet        : GET "/api/users/search?keyword=test", parameters={masked}
2025-08-22T21:24:51.311+08:00 DEBUG 12410 --- [nio-8080-exec-5] s.w.s.m.m.a.RequestMappingHandlerMapping : Mapped to com.re100io.controller.UserController#searchUsers(String)
2025-08-22T21:24:51.317+08:00 DEBUG 12410 --- [nio-8080-exec-5] org.hibernate.SQL                        : 
    /* SELECT
        u 
    FROM
        User u 
    WHERE
        u.username LIKE :keyword 
        OR u.email LIKE :keyword */ select
            u1_0.id,
            u1_0.created_at,
            u1_0.email,
            u1_0.full_name,
            u1_0.is_active,
            u1_0.password,
            u1_0.updated_at,
            u1_0.username 
        from
            users u1_0 
        where
            u1_0.username like ? escape '' 
            or u1_0.email like ? escape ''
Hibernate: 
    /* SELECT
        u 
    FROM
        User u 
    WHERE
        u.username LIKE :keyword 
        OR u.email LIKE :keyword */ select
            u1_0.id,
            u1_0.created_at,
            u1_0.email,
            u1_0.full_name,
            u1_0.is_active,
            u1_0.password,
            u1_0.updated_at,
            u1_0.username 
        from
            users u1_0 
        where
            u1_0.username like ? escape '' 
            or u1_0.email like ? escape ''
2025-08-22T21:24:51.319+08:00 DEBUG 12410 --- [nio-8080-exec-5] o.s.w.s.m.m.a.HttpEntityMethodProcessor  : Using 'application/json', given [*/*] and supported [application/json, application/*+json]
2025-08-22T21:24:51.319+08:00 DEBUG 12410 --- [nio-8080-exec-5] o.s.w.s.m.m.a.HttpEntityMethodProcessor  : Writing [ApiResponse(success=true, message=搜索用户成功, data=[UserResponse(id=1, username=testuser, email=test@exa (truncated)...]
2025-08-22T21:24:51.320+08:00 DEBUG 12410 --- [nio-8080-exec-5] o.s.web.servlet.DispatcherServlet        : Completed 200 OK
2025-08-22T21:25:05.366+08:00 DEBUG 12410 --- [nio-8080-exec-7] o.s.web.servlet.DispatcherServlet        : GET "/api/actuator/health", parameters={}
2025-08-22T21:25:05.368+08:00 DEBUG 12410 --- [nio-8080-exec-7] m.m.a.RequestResponseBodyMethodProcessor : Read "application/octet-stream" to []
2025-08-22T21:25:05.374+08:00 DEBUG 12410 --- [nio-8080-exec-7] o.s.w.s.m.m.a.HttpEntityMethodProcessor  : Using 'application/vnd.spring-boot.actuator.v3+json', given [*/*] and supported [application/vnd.spring-boot.actuator.v3+json, application/vnd.spring-boot.actuator.v2+json, application/json]
2025-08-22T21:25:05.398+08:00 DEBUG 12410 --- [nio-8080-exec-7] o.s.w.s.m.m.a.HttpEntityMethodProcessor  : Writing [org.springframework.boot.actuate.health.SystemHealth@11d0443d]
2025-08-22T21:25:05.399+08:00 DEBUG 12410 --- [nio-8080-exec-7] o.s.web.servlet.DispatcherServlet        : Completed 200 OK
2025-08-22T21:25:17.358+08:00  INFO 12410 --- [ionShutdownHook] o.s.b.w.e.tomcat.GracefulShutdown        : Commencing graceful shutdown. Waiting for active requests to complete
2025-08-22T21:25:19.367+08:00  INFO 12410 --- [tomcat-shutdown] o.s.b.w.e.tomcat.GracefulShutdown        : Graceful shutdown complete
2025-08-22T21:25:19.371+08:00  INFO 12410 --- [ionShutdownHook] j.LocalContainerEntityManagerFactoryBean : Closing JPA EntityManagerFactory for persistence unit 'default'
2025-08-22T21:25:19.371+08:00 DEBUG 12410 --- [ionShutdownHook] org.hibernate.SQL                        : 
    set client_min_messages = WARNING
Hibernate: 
    set client_min_messages = WARNING
2025-08-22T21:25:19.372+08:00 DEBUG 12410 --- [ionShutdownHook] org.hibernate.SQL                        : 
    drop table if exists users cascade
Hibernate: 
    drop table if exists users cascade
2025-08-22T21:25:19.383+08:00  INFO 12410 --- [ionShutdownHook] com.zaxxer.hikari.HikariDataSource       : HikariPool-1 - Shutdown initiated...
2025-08-22T21:25:19.386+08:00  INFO 12410 --- [ionShutdownHook] com.zaxxer.hikari.HikariDataSource       : HikariPool-1 - Shutdown completed.
