2025-08-23 10:07:33.865  INFO [background-preinit] o.h.validator.internal.util.Version - HV000001: Hibernate Validator 8.0.2.Final
2025-08-23 10:07:33.903  INFO [main] com.re100io.MainKt - Starting MainKt using Java 21.0.6 with PID 94105 (/Users/anxinyu/Documents/DevRepository/pg-template/target/pg-template-1.0-SNAPSHOT.jar started by anxinyu in /Users/anxinyu/Documents/DevRepository/pg-template)
2025-08-23 10:07:33.903 DEBUG [main] com.re100io.MainKt - Running with Spring Boot v3.4.1, Spring v6.2.1
2025-08-23 10:07:33.904  INFO [main] com.re100io.MainKt - The following 1 profile is active: "dev"
2025-08-23 10:07:34.645 DEBUG [main] o.m.s.mapper.ClassPathMapperScanner - Identified candidate component class: URL [jar:nested:/Users/anxinyu/Documents/DevRepository/pg-template/target/pg-template-1.0-SNAPSHOT.jar/!BOOT-INF/classes/!/com/re100io/repository/UserRepository.class]
2025-08-23 10:07:34.645 DEBUG [main] o.m.s.mapper.ClassPathMapperScanner - Creating MapperFactoryBean with name 'userRepository' and 'com.re100io.repository.UserRepository' mapperInterface
2025-08-23 10:07:34.646 DEBUG [main] o.m.s.mapper.ClassPathMapperScanner - Enabling autowire by type for MapperFactoryBean with name 'userRepository'.
2025-08-23 10:07:34.896  INFO [main] o.s.b.w.e.tomcat.TomcatWebServer - Tomcat initialized with port 7001 (http)
2025-08-23 10:07:34.904  INFO [main] o.a.coyote.http11.Http11NioProtocol - Initializing ProtocolHandler ["http-nio-7001"]
2025-08-23 10:07:34.905  INFO [main] o.a.catalina.core.StandardService - Starting service [Tomcat]
2025-08-23 10:07:34.905  INFO [main] o.a.catalina.core.StandardEngine - Starting Servlet engine: [Apache Tomcat/10.1.34]
2025-08-23 10:07:34.925  INFO [main] o.a.c.c.C.[Tomcat].[localhost].[/] - Initializing Spring embedded WebApplicationContext
2025-08-23 10:07:34.926  INFO [main] o.s.b.w.s.c.ServletWebServerApplicationContext - Root WebApplicationContext: initialization completed in 994 ms
2025-08-23 10:07:34.998 DEBUG [main] o.s.w.f.ServerHttpObservationFilter - Filter 'webMvcObservationFilter' configured for use
2025-08-23 10:07:35.125 DEBUG [main] o.m.spring.SqlSessionFactoryBean - Parsed mapper file: 'class path resource [mapper/UserMapper.xml]'
2025-08-23 10:07:35.134  INFO [main] com.zaxxer.hikari.HikariDataSource - HikariPool-1 - Starting...
2025-08-23 10:07:35.201  INFO [main] com.zaxxer.hikari.pool.HikariPool - HikariPool-1 - Added connection org.postgresql.jdbc.PgConnection@6d3163a6
2025-08-23 10:07:35.201  INFO [main] com.zaxxer.hikari.HikariDataSource - HikariPool-1 - Start completed.
2025-08-23 10:07:35.330  WARN [main] o.s.b.a.s.s.UserDetailsServiceAutoConfiguration - 

Using generated security password: 92e2b6bc-10a7-4720-8d84-93b690c1b587

This generated password is for development use only. Your security configuration must be updated before running your application in production.

2025-08-23 10:07:35.333  INFO [main] o.s.s.c.a.a.c.InitializeUserDetailsBeanManagerConfigurer$InitializeUserDetailsManagerConfigurer - Global AuthenticationManager configured with UserDetailsService bean with name inMemoryUserDetailsManager
2025-08-23 10:07:35.411 DEBUG [main] o.s.w.s.m.m.a.RequestMappingHandlerMapping - 32 mappings in 'requestMappingHandlerMapping'
2025-08-23 10:07:35.455 DEBUG [main] o.s.w.s.h.SimpleUrlHandlerMapping - Patterns [/webjars/**, /**, /swagger-ui*/*swagger-initializer.js, /swagger-ui*/**] in 'resourceHandlerMapping'
2025-08-23 10:07:35.504  INFO [main] o.s.b.a.e.web.EndpointLinksResolver - Exposing 3 endpoints beneath base path '/actuator'
2025-08-23 10:07:35.541 DEBUG [main] o.s.s.web.DefaultSecurityFilterChain - Will secure any request with filters: DisableEncodeUrlFilter, WebAsyncManagerIntegrationFilter, SecurityContextHolderFilter, HeaderWriterFilter, CorsFilter, LogoutFilter, RequestCacheAwareFilter, SecurityContextHolderAwareRequestFilter, AnonymousAuthenticationFilter, SessionManagementFilter, ExceptionTranslationFilter, AuthorizationFilter
2025-08-23 10:07:35.583 DEBUG [main] o.s.w.s.m.m.a.RequestMappingHandlerAdapter - ControllerAdvice beans: 0 @ModelAttribute, 0 @InitBinder, 1 RequestBodyAdvice, 1 ResponseBodyAdvice
2025-08-23 10:07:35.604 DEBUG [main] o.s.w.s.m.m.a.ExceptionHandlerExceptionResolver - ControllerAdvice beans: 2 @ExceptionHandler, 1 ResponseBodyAdvice
2025-08-23 10:07:35.710  INFO [main] o.a.coyote.http11.Http11NioProtocol - Starting ProtocolHandler ["http-nio-7001"]
2025-08-23 10:07:35.719  INFO [main] o.s.b.w.e.tomcat.TomcatWebServer - Tomcat started on port 7001 (http) with context path '/'
2025-08-23 10:07:35.730  INFO [main] com.re100io.MainKt - Started MainKt in 2.131 seconds (process running for 2.483)
2025-08-23 10:09:11.925  INFO [SpringApplicationShutdownHook] o.s.b.w.e.tomcat.GracefulShutdown - Commencing graceful shutdown. Waiting for active requests to complete
2025-08-23 10:09:13.940  INFO [tomcat-shutdown] o.s.b.w.e.tomcat.GracefulShutdown - Graceful shutdown complete
2025-08-23 10:09:13.950  INFO [SpringApplicationShutdownHook] com.zaxxer.hikari.HikariDataSource - HikariPool-1 - Shutdown initiated...
2025-08-23 10:09:13.955  INFO [SpringApplicationShutdownHook] com.zaxxer.hikari.HikariDataSource - HikariPool-1 - Shutdown completed.
